--progress is a global compose flag, better use `docker compose --progress xx build ...
time="2026-03-29T00:17:03+03:00" level=warning msg="/home/kofenko5/nexus-l2/docker-compose.yml: the attribute `version` is obsolete, it will be ignored, please remove it to avoid potential confusion"
 Image nexus-l2-nexus-app Building 
#1 [internal] load local bake definitions
#1 reading from stdin 536B done
#1 DONE 0.0s

#2 [internal] load build definition from Dockerfile
#2 transferring dockerfile: 702B done
#2 DONE 0.0s

#3 [internal] load metadata for docker.io/library/golang:1.21-bullseye
#3 DONE 1.2s

#4 [internal] load .dockerignore
#4 transferring context: 2B done
#4 DONE 0.0s

#5 [internal] load build context
#5 DONE 0.0s

#6 [ 1/13] FROM docker.io/library/golang:1.21-bullseye@sha256:40a67e6626bead90d5c7957bd0354cfeb8400e61acc3adc256e03252630014a6
#6 resolve docker.io/library/golang:1.21-bullseye@sha256:40a67e6626bead90d5c7957bd0354cfeb8400e61acc3adc256e03252630014a6 0.1s done
#6 DONE 0.1s

#7 [ 2/13] WORKDIR /app
#7 CACHED

#5 [internal] load build context
#5 transferring context: 2.31kB 0.0s done
#5 DONE 0.0s

#8 [ 3/13] COPY go.mod go.sum ./
#8 DONE 0.2s

#9 [ 4/13] RUN go mod download
#9 DONE 3.4s

#10 [ 5/13] RUN go mod verify
#10 0.883 all modules verified
#10 DONE 1.0s

#11 [ 6/13] COPY . .
#11 DONE 0.3s

#12 [ 7/13] RUN go build -v -o bin/validator cmd/validator/main.go
#12 0.894 pkg/payment/payment.go:9:5: missing go.sum entry for module providing package github.com/decred/dcrd/dcrec/secp256k1/v4 (imported by github.com/yourusername/nexus-l2/pkg/payment); to add:
#12 0.894 	go get github.com/yourusername/nexus-l2/pkg/payment
#12 0.894 pkg/payment/payment.go:10:5: missing go.sum entry for module providing package github.com/decred/dcrd/dcrec/secp256k1/v4/ecdsa (imported by github.com/yourusername/nexus-l2/pkg/payment); to add:
#12 0.894 	go get github.com/yourusername/nexus-l2/pkg/payment
#12 0.894 pkg/payment/batch.go:8:5: missing go.sum entry for module providing package github.com/google/uuid (imported by github.com/yourusername/nexus-l2/pkg/payment); to add:
#12 0.894 	go get github.com/yourusername/nexus-l2/pkg/payment
#12 ERROR: process "/bin/sh -c go build -v -o bin/validator cmd/validator/main.go" did not complete successfully: exit code: 1
------
 > [ 7/13] RUN go build -v -o bin/validator cmd/validator/main.go:
0.894 pkg/payment/payment.go:9:5: missing go.sum entry for module providing package github.com/decred/dcrd/dcrec/secp256k1/v4 (imported by github.com/yourusername/nexus-l2/pkg/payment); to add:
0.894 	go get github.com/yourusername/nexus-l2/pkg/payment
0.894 pkg/payment/payment.go:10:5: missing go.sum entry for module providing package github.com/decred/dcrd/dcrec/secp256k1/v4/ecdsa (imported by github.com/yourusername/nexus-l2/pkg/payment); to add:
0.894 	go get github.com/yourusername/nexus-l2/pkg/payment
0.894 pkg/payment/batch.go:8:5: missing go.sum entry for module providing package github.com/google/uuid (imported by github.com/yourusername/nexus-l2/pkg/payment); to add:
0.894 	go get github.com/yourusername/nexus-l2/pkg/payment
------
Dockerfile:16

--------------------

  14 |     

  15 |     # Собираем приложения

  16 | >>> RUN go build -v -o bin/validator cmd/validator/main.go

  17 |     RUN go build -v -o bin/multiplexer cmd/multiplexer/main.go

  18 |     RUN go build -v -o bin/client cmd/client/main.go

--------------------

failed to solve: process "/bin/sh -c go build -v -o bin/validator cmd/validator/main.go" did not complete successfully: exit code: 1

